Arguments: 
  C:\Program Files\nodejs\node.exe C:\Users\markj\AppData\Roaming\npm\node_modules\yarn\bin\yarn.js start

PATH: 
  C:\Program Files (x86)\Common Files\Oracle\Java\javapath;C:\Program Files (x86)\Intel\Intel(R) Management Engine Components\iCLS\;C:\Program Files\Intel\Intel(R) Management Engine Components\iCLS\;C:\WINDOWS\system32;C:\WINDOWS;C:\WINDOWS\System32\Wbem;C:\WINDOWS\System32\WindowsPowerShell\v1.0\;C:\Program Files (x86)\Intel\Intel(R) Management Engine Components\DAL;C:\Program Files\Intel\Intel(R) Management Engine Components\DAL;C:\Program Files (x86)\Intel\Intel(R) Management Engine Components\IPT;C:\Program Files\Intel\Intel(R) Management Engine Components\IPT;C:\Program Files\Microsoft VS Code\bin;C:\Program Files\nodejs\;C:\WINDOWS\System32\OpenSSH\;C:\Program Files\MongoDB\Server\4.0\bin;C:\Program Files\Git\cmd;C:\Users\markj\AppData\Local\Microsoft\WindowsApps;C:\Program Files\heroku\bin;C:\Users\markj\AppData\Roaming\npm;C:\Users\markj\AppData\Local\GitHubDesktop\bin;%USERPROFILE%\AppData\Local\Microsoft\WindowsApps;

Yarn version: 
  1.12.3

Node version: 
  8.11.3

Platform: 
  win32 x64

Trace: 
  SyntaxError: C:\Users\markj\Desktop\CWRU\CannaHire\package.json: Unexpected token } in JSON at position 434
      at JSON.parse (<anonymous>)
      at C:\Users\markj\AppData\Roaming\npm\node_modules\yarn\lib\cli.js:1631:59
      at Generator.next (<anonymous>)
      at step (C:\Users\markj\AppData\Roaming\npm\node_modules\yarn\lib\cli.js:304:30)
      at C:\Users\markj\AppData\Roaming\npm\node_modules\yarn\lib\cli.js:315:13
      at <anonymous>

npm manifest: 
  {
    "name": "CannaHire",
    "version": "0.1.0",
    "private": true,
    "dependencies": {
      "bootstrap": "^4.1.3",
      "create-react-app": "^2.1.2",
      "dotenv": "^6.2.0",
      "express": "^4.16.4",
      "mocha": "^5.2.0",
      "react": "^16.7.0",
      "react-burger-menu": "^2.5.4",
      "react-dom": "^16.6.3",
      "react-router-dom": "^4.3.1",
      "react-scripts": "2.1.1",
      "react-sidenav": "^3.1.3",
      "should": "^13.2.3",
      
    },
    "scripts": {
      "start": "react-scripts start",
      "build": "react-scripts build",
      "test": "react-scripts test",
      "eject": "react-scripts eject"
    },
    "eslintConfig": {
      "extends": "react-app"
    },
    "browserslist": [
      ">0.2%",
      "not dead",
      "not ie <= 11",
      "not op_mini all"
    ]
  }

yarn manifest: 
  No manifest

Lockfile: 
  No lockfile
